TI ARM Assembler Unix v16.9.0 Sat Apr 29 07:00:43 2017

Tools Copyright (c) 1996-2015 Texas Instruments Incorporated
startup_msp432p401r_ccs.asm                                          PAGE    1

       1                    ;******************************************************************************
       2                    ;* TI ARM C/C++ Codegen                                      Unix v16.9.0.LTS *
       3                    ;* Date/Time created: Sat Apr 29 07:00:43 2017                                *
       4                    ;******************************************************************************
       5                            .compiler_opts --abi=eabi --arm_vmrs_si_workaround=off --code_state=16 --diag_wrap=off --embed
       6 00000000                   .thumb
       7                    
       8                    $C$DW$CU        .dwtag  DW_TAG_compile_unit
       9                            .dwattr $C$DW$CU, DW_AT_name("../ccs/startup_msp432p401r_ccs.c")
      10                            .dwattr $C$DW$CU, DW_AT_producer("TI TI ARM C/C++ Codegen Unix v16.9.0.LTS Copyright (c) 1996-
      11                            .dwattr $C$DW$CU, DW_AT_TI_version(0x01)
      12                            .dwattr $C$DW$CU, DW_AT_comp_dir("/Users/jadedh/Desktop/2017Spring/EC450/workspace/PET/Debug")
      13                    
      14                    ;*****************************************************************************
      15                    ;* FUNCTION SYNONYMS                                                         *
      16                    ;*****************************************************************************
      17                            .symalias NMI_Handler, Default_Handler
      18                            .weak   NMI_Handler
      19                            .symalias HardFault_Handler, Default_Handler
      20                            .weak   HardFault_Handler
      21                            .symalias MemManage_Handler, Default_Handler
      22                            .weak   MemManage_Handler
      23                            .symalias BusFault_Handler, Default_Handler
      24                            .weak   BusFault_Handler
      25                            .symalias UsageFault_Handler, Default_Handler
      26                            .weak   UsageFault_Handler
      27                            .symalias SVC_Handler, Default_Handler
      28                            .weak   SVC_Handler
      29                            .symalias DebugMon_Handler, Default_Handler
      30                            .weak   DebugMon_Handler
      31                            .symalias PendSV_Handler, Default_Handler
      32                            .weak   PendSV_Handler
      33                            .symalias SysTick_Handler, Default_Handler
      34                            .weak   SysTick_Handler
      35                            .symalias PSS_IRQHandler, Default_Handler
      36                            .weak   PSS_IRQHandler
      37                            .symalias CS_IRQHandler, Default_Handler
      38                            .weak   CS_IRQHandler
      39                            .symalias PCM_IRQHandler, Default_Handler
      40                            .weak   PCM_IRQHandler
      41                            .symalias WDT_A_IRQHandler, Default_Handler
      42                            .weak   WDT_A_IRQHandler
      43                            .symalias FPU_IRQHandler, Default_Handler
      44                            .weak   FPU_IRQHandler
      45                            .symalias FLCTL_IRQHandler, Default_Handler
      46                            .weak   FLCTL_IRQHandler
      47                            .symalias COMP_E0_IRQHandler, Default_Handler
      48                            .weak   COMP_E0_IRQHandler
      49                            .symalias COMP_E1_IRQHandler, Default_Handler
      50                            .weak   COMP_E1_IRQHandler
      51                            .symalias TA0_0_IRQHandler, Default_Handler
      52                            .weak   TA0_0_IRQHandler
      53                            .symalias TA0_N_IRQHandler, Default_Handler
      54                            .weak   TA0_N_IRQHandler
      55                            .symalias TA1_0_IRQHandler, Default_Handler
TI ARM Assembler Unix v16.9.0 Sat Apr 29 07:00:43 2017

Tools Copyright (c) 1996-2015 Texas Instruments Incorporated
startup_msp432p401r_ccs.asm                                          PAGE    2

      56                            .weak   TA1_0_IRQHandler
      57                            .symalias TA1_N_IRQHandler, Default_Handler
      58                            .weak   TA1_N_IRQHandler
      59                            .symalias TA2_0_IRQHandler, Default_Handler
      60                            .weak   TA2_0_IRQHandler
      61                            .symalias TA2_N_IRQHandler, Default_Handler
      62                            .weak   TA2_N_IRQHandler
      63                            .symalias TA3_0_IRQHandler, Default_Handler
      64                            .weak   TA3_0_IRQHandler
      65                            .symalias TA3_N_IRQHandler, Default_Handler
      66                            .weak   TA3_N_IRQHandler
      67                            .symalias EUSCIA0_IRQHandler, Default_Handler
      68                            .weak   EUSCIA0_IRQHandler
      69                            .symalias EUSCIA1_IRQHandler, Default_Handler
      70                            .weak   EUSCIA1_IRQHandler
      71                            .symalias EUSCIA2_IRQHandler, Default_Handler
      72                            .weak   EUSCIA2_IRQHandler
      73                            .symalias EUSCIA3_IRQHandler, Default_Handler
      74                            .weak   EUSCIA3_IRQHandler
      75                            .symalias EUSCIB0_IRQHandler, Default_Handler
      76                            .weak   EUSCIB0_IRQHandler
      77                            .symalias EUSCIB1_IRQHandler, Default_Handler
      78                            .weak   EUSCIB1_IRQHandler
      79                            .symalias EUSCIB2_IRQHandler, Default_Handler
      80                            .weak   EUSCIB2_IRQHandler
      81                            .symalias EUSCIB3_IRQHandler, Default_Handler
      82                            .weak   EUSCIB3_IRQHandler
      83                            .symalias ADC14_IRQHandler, Default_Handler
      84                            .weak   ADC14_IRQHandler
      85                            .symalias T32_INT1_IRQHandler, Default_Handler
      86                            .weak   T32_INT1_IRQHandler
      87                            .symalias T32_INT2_IRQHandler, Default_Handler
      88                            .weak   T32_INT2_IRQHandler
      89                            .symalias T32_INTC_IRQHandler, Default_Handler
      90                            .weak   T32_INTC_IRQHandler
      91                            .symalias AES256_IRQHandler, Default_Handler
      92                            .weak   AES256_IRQHandler
      93                            .symalias RTC_C_IRQHandler, Default_Handler
      94                            .weak   RTC_C_IRQHandler
      95                            .symalias DMA_ERR_IRQHandler, Default_Handler
      96                            .weak   DMA_ERR_IRQHandler
      97                            .symalias DMA_INT3_IRQHandler, Default_Handler
      98                            .weak   DMA_INT3_IRQHandler
      99                            .symalias DMA_INT2_IRQHandler, Default_Handler
     100                            .weak   DMA_INT2_IRQHandler
     101                            .symalias DMA_INT1_IRQHandler, Default_Handler
     102                            .weak   DMA_INT1_IRQHandler
     103                            .symalias DMA_INT0_IRQHandler, Default_Handler
     104                            .weak   DMA_INT0_IRQHandler
     105                            .symalias PORT1_IRQHandler, Default_Handler
     106                            .weak   PORT1_IRQHandler
     107                            .symalias PORT2_IRQHandler, Default_Handler
     108                            .weak   PORT2_IRQHandler
     109                            .symalias PORT3_IRQHandler, Default_Handler
     110                            .weak   PORT3_IRQHandler
TI ARM Assembler Unix v16.9.0 Sat Apr 29 07:00:43 2017

Tools Copyright (c) 1996-2015 Texas Instruments Incorporated
startup_msp432p401r_ccs.asm                                          PAGE    3

     111                            .symalias PORT4_IRQHandler, Default_Handler
     112                            .weak   PORT4_IRQHandler
     113                            .symalias PORT5_IRQHandler, Default_Handler
     114                            .weak   PORT5_IRQHandler
     115                            .symalias PORT6_IRQHandler, Default_Handler
     116                            .weak   PORT6_IRQHandler
     117                    
     118                    $C$DW$1 .dwtag  DW_TAG_subprogram
     119                            .dwattr $C$DW$1, DW_AT_name("SystemInit")
     120                            .dwattr $C$DW$1, DW_AT_TI_symbol_name("SystemInit")
     121                            .dwattr $C$DW$1, DW_AT_declaration
     122                            .dwattr $C$DW$1, DW_AT_external
     123                            .dwattr $C$DW$1, DW_AT_decl_file("../ccs/startup_msp432p401r_ccs.c")
     124                            .dwattr $C$DW$1, DW_AT_decl_line(0x2f)
     125                            .dwattr $C$DW$1, DW_AT_decl_column(0x0d)
     126                            .dwendtag $C$DW$1
     127                    
     128                    $C$DW$2 .dwtag  DW_TAG_variable
     129                            .dwattr $C$DW$2, DW_AT_name("__STACK_END")
     130                            .dwattr $C$DW$2, DW_AT_TI_symbol_name("__STACK_END")
     131                            .dwattr $C$DW$2, DW_AT_type(*$C$DW$T$13)
     132                            .dwattr $C$DW$2, DW_AT_declaration
     133                            .dwattr $C$DW$2, DW_AT_external
     134                            .dwattr $C$DW$2, DW_AT_decl_file("../ccs/startup_msp432p401r_ccs.c")
     135                            .dwattr $C$DW$2, DW_AT_decl_line(0x28)
     136                            .dwattr $C$DW$2, DW_AT_decl_column(0x16)
     137                    
     138                            .global interruptVectors
     139 00000000                   .sect   ".intvecs:retain"
     140                            .retain
     141                            .align  4
     142                            .elfsym interruptVectors,SYM_SIZE(228)
     143 00000000           interruptVectors:
     144 00000000 00000000!         .bits   __STACK_END,32          ; interruptVectors[0] @ 0
     145 00000004 00000000!         .bits   Reset_Handler,32                ; interruptVectors[1] @ 32
     146 00000008 00000000!         .bits   NMI_Handler,32          ; interruptVectors[2] @ 64
     147 0000000c 00000000!         .bits   HardFault_Handler,32            ; interruptVectors[3] @ 96
     148 00000010 00000000!         .bits   MemManage_Handler,32            ; interruptVectors[4] @ 128
     149 00000014 00000000!         .bits   BusFault_Handler,32             ; interruptVectors[5] @ 160
     150 00000018 00000000!         .bits   UsageFault_Handler,32           ; interruptVectors[6] @ 192
     151 0000001c 00000000          .bits   0,32                    ; interruptVectors[7] @ 224
     152 00000020 00000000          .bits   0,32                    ; interruptVectors[8] @ 256
     153 00000024 00000000          .bits   0,32                    ; interruptVectors[9] @ 288
     154 00000028 00000000          .bits   0,32                    ; interruptVectors[10] @ 320
     155 0000002c 00000000!         .bits   SVC_Handler,32          ; interruptVectors[11] @ 352
     156 00000030 00000000!         .bits   DebugMon_Handler,32             ; interruptVectors[12] @ 384
     157 00000034 00000000          .bits   0,32                    ; interruptVectors[13] @ 416
     158 00000038 00000000!         .bits   PendSV_Handler,32               ; interruptVectors[14] @ 448
     159 0000003c 00000000!         .bits   SysTick_Handler,32              ; interruptVectors[15] @ 480
     160 00000040 00000000!         .bits   PSS_IRQHandler,32               ; interruptVectors[16] @ 512
     161 00000044 00000000!         .bits   CS_IRQHandler,32                ; interruptVectors[17] @ 544
     162 00000048 00000000!         .bits   PCM_IRQHandler,32               ; interruptVectors[18] @ 576
     163 0000004c 00000000!         .bits   WDT_A_IRQHandler,32             ; interruptVectors[19] @ 608
     164 00000050 00000000!         .bits   FPU_IRQHandler,32               ; interruptVectors[20] @ 640
     165 00000054 00000000!         .bits   FLCTL_IRQHandler,32             ; interruptVectors[21] @ 672
TI ARM Assembler Unix v16.9.0 Sat Apr 29 07:00:43 2017

Tools Copyright (c) 1996-2015 Texas Instruments Incorporated
startup_msp432p401r_ccs.asm                                          PAGE    4

     166 00000058 00000000!         .bits   COMP_E0_IRQHandler,32           ; interruptVectors[22] @ 704
     167 0000005c 00000000!         .bits   COMP_E1_IRQHandler,32           ; interruptVectors[23] @ 736
     168 00000060 00000000!         .bits   TA0_0_IRQHandler,32             ; interruptVectors[24] @ 768
     169 00000064 00000000!         .bits   TA0_N_IRQHandler,32             ; interruptVectors[25] @ 800
     170 00000068 00000000!         .bits   TA1_0_IRQHandler,32             ; interruptVectors[26] @ 832
     171 0000006c 00000000!         .bits   TA1_N_IRQHandler,32             ; interruptVectors[27] @ 864
     172 00000070 00000000!         .bits   TA2_0_IRQHandler,32             ; interruptVectors[28] @ 896
     173 00000074 00000000!         .bits   TA2_N_IRQHandler,32             ; interruptVectors[29] @ 928
     174 00000078 00000000!         .bits   TA3_0_IRQHandler,32             ; interruptVectors[30] @ 960
     175 0000007c 00000000!         .bits   TA3_N_IRQHandler,32             ; interruptVectors[31] @ 992
     176 00000080 00000000!         .bits   EUSCIA0_IRQHandler,32           ; interruptVectors[32] @ 1024
     177 00000084 00000000!         .bits   EUSCIA1_IRQHandler,32           ; interruptVectors[33] @ 1056
     178 00000088 00000000!         .bits   EUSCIA2_IRQHandler,32           ; interruptVectors[34] @ 1088
     179 0000008c 00000000!         .bits   EUSCIA3_IRQHandler,32           ; interruptVectors[35] @ 1120
     180 00000090 00000000!         .bits   EUSCIB0_IRQHandler,32           ; interruptVectors[36] @ 1152
     181 00000094 00000000!         .bits   EUSCIB1_IRQHandler,32           ; interruptVectors[37] @ 1184
     182 00000098 00000000!         .bits   EUSCIB2_IRQHandler,32           ; interruptVectors[38] @ 1216
     183 0000009c 00000000!         .bits   EUSCIB3_IRQHandler,32           ; interruptVectors[39] @ 1248
     184 000000a0 00000000!         .bits   ADC14_IRQHandler,32             ; interruptVectors[40] @ 1280
     185 000000a4 00000000!         .bits   T32_INT1_IRQHandler,32          ; interruptVectors[41] @ 1312
     186 000000a8 00000000!         .bits   T32_INT2_IRQHandler,32          ; interruptVectors[42] @ 1344
     187 000000ac 00000000!         .bits   T32_INTC_IRQHandler,32          ; interruptVectors[43] @ 1376
     188 000000b0 00000000!         .bits   AES256_IRQHandler,32            ; interruptVectors[44] @ 1408
     189 000000b4 00000000!         .bits   RTC_C_IRQHandler,32             ; interruptVectors[45] @ 1440
     190 000000b8 00000000!         .bits   DMA_ERR_IRQHandler,32           ; interruptVectors[46] @ 1472
     191 000000bc 00000000!         .bits   DMA_INT3_IRQHandler,32          ; interruptVectors[47] @ 1504
     192 000000c0 00000000!         .bits   DMA_INT2_IRQHandler,32          ; interruptVectors[48] @ 1536
     193 000000c4 00000000!         .bits   DMA_INT1_IRQHandler,32          ; interruptVectors[49] @ 1568
     194 000000c8 00000000!         .bits   DMA_INT0_IRQHandler,32          ; interruptVectors[50] @ 1600
     195 000000cc 00000000!         .bits   PORT1_IRQHandler,32             ; interruptVectors[51] @ 1632
     196 000000d0 00000000!         .bits   PORT2_IRQHandler,32             ; interruptVectors[52] @ 1664
     197 000000d4 00000000!         .bits   PORT3_IRQHandler,32             ; interruptVectors[53] @ 1696
     198 000000d8 00000000!         .bits   PORT4_IRQHandler,32             ; interruptVectors[54] @ 1728
     199 000000dc 00000000!         .bits   PORT5_IRQHandler,32             ; interruptVectors[55] @ 1760
     200 000000e0 00000000!         .bits   PORT6_IRQHandler,32             ; interruptVectors[56] @ 1792
     201                    
     202                    $C$DW$3 .dwtag  DW_TAG_variable
     203                            .dwattr $C$DW$3, DW_AT_name("interruptVectors")
     204                            .dwattr $C$DW$3, DW_AT_TI_symbol_name("interruptVectors")
     205                            .dwattr $C$DW$3, DW_AT_location[DW_OP_addr interruptVectors]
     206                            .dwattr $C$DW$3, DW_AT_type(*$C$DW$T$22)
     207                            .dwattr $C$DW$3, DW_AT_external
     208                            .dwattr $C$DW$3, DW_AT_decl_file("../ccs/startup_msp432p401r_ccs.c")
     209                            .dwattr $C$DW$3, DW_AT_decl_line(0x70)
     210                            .dwattr $C$DW$3, DW_AT_decl_column(0x0f)
     211                    
     212                    ;       /Applications/ti/ccsv7/tools/compiler/ti-cgt-arm_16.9.0.LTS/bin/armopt /var/tmp/11461LNU7K5 /v
     213 00000000                   .sect   ".text:Reset_Handler"
     214                            .clink
     215                            .thumbfunc Reset_Handler
     216 00000000                   .thumb
     217                            .weak   Reset_Handler
     218                    
     219                    $C$DW$4 .dwtag  DW_TAG_subprogram
     220                            .dwattr $C$DW$4, DW_AT_name("Reset_Handler")
TI ARM Assembler Unix v16.9.0 Sat Apr 29 07:00:43 2017

Tools Copyright (c) 1996-2015 Texas Instruments Incorporated
startup_msp432p401r_ccs.asm                                          PAGE    5

     221                            .dwattr $C$DW$4, DW_AT_low_pc(Reset_Handler)
     222                            .dwattr $C$DW$4, DW_AT_high_pc(0x00)
     223                            .dwattr $C$DW$4, DW_AT_TI_symbol_name("Reset_Handler")
     224                            .dwattr $C$DW$4, DW_AT_external
     225                            .dwattr $C$DW$4, DW_AT_TI_begin_file("../ccs/startup_msp432p401r_ccs.c")
     226                            .dwattr $C$DW$4, DW_AT_TI_begin_line(0xb5)
     227                            .dwattr $C$DW$4, DW_AT_TI_begin_column(0x06)
     228                            .dwattr $C$DW$4, DW_AT_decl_file("../ccs/startup_msp432p401r_ccs.c")
     229                            .dwattr $C$DW$4, DW_AT_decl_line(0xb5)
     230                            .dwattr $C$DW$4, DW_AT_decl_column(0x06)
     231                            .dwattr $C$DW$4, DW_AT_TI_max_frame_size(0x08)
     232                            .dwpsn  file "../ccs/startup_msp432p401r_ccs.c",line 182,column 1,is_stmt,address Reset_Handle
     233                    
     234                            .dwfde $C$DW$CIE, Reset_Handler
     235                    ;----------------------------------------------------------------------
     236                    ; 181 | void Reset_Handler(void)                                               
     237                    ;----------------------------------------------------------------------
     238                    
     239                    ;*****************************************************************************
     240                    ;* FUNCTION NAME: Reset_Handler                                              *
     241                    ;*                                                                           *
     242                    ;*   Regs Modified     : A1,A2,A3,A4,V9,SP,LR,SR,D0,D0_hi,D1,D1_hi,D2,D2_hi, *
     243                    ;*                           D3,D3_hi,D4,D4_hi,D5,D5_hi,D6,D6_hi,D7,D7_hi,   *
     244                    ;*                           FPEXC,FPSCR                                     *
     245                    ;*   Regs Used         : A1,A2,A3,A4,V9,SP,LR,SR,D0,D0_hi,D1,D1_hi,D2,D2_hi, *
     246                    ;*                           D3,D3_hi,D4,D4_hi,D5,D5_hi,D6,D6_hi,D7,D7_hi,   *
     247                    ;*                           FPEXC,FPSCR                                     *
     248                    ;*   Local Frame Size  : 0 Args + 0 Auto + 4 Save = 4 byte                   *
     249                    ;*****************************************************************************
     250 00000000           Reset_Handler:
     251                    ;* --------------------------------------------------------------------------*
     252                            .dwcfi  cfa_offset, 0
     253 00000000 B508              PUSH      {A4, LR}              ; [DPU_3_PIPE]  ; [ORIG 16-BIT INS]
     254                            .dwcfi  cfa_offset, 8
     255                            .dwcfi  save_reg_to_mem, 14, -4
     256                            .dwcfi  save_reg_to_mem, 3, -8
     257                            .dwpsn  file "../ccs/startup_msp432p401r_ccs.c",line 183,column 5,is_stmt,isa 1
     258                    ;----------------------------------------------------------------------
     259                    ; 183 | SystemInit();                                                          
     260                    ; 186 | __asm("    .global _c_int00\n"                                         
     261                    ; 187 |       "    b.w     _c_int00");                                         
     262                    ;----------------------------------------------------------------------
     263                    $C$DW$5 .dwtag  DW_TAG_TI_branch
     264                            .dwattr $C$DW$5, DW_AT_low_pc(0x00)
     265                            .dwattr $C$DW$5, DW_AT_name("SystemInit")
     266                            .dwattr $C$DW$5, DW_AT_TI_call
     267                    
     268 00000002 FFFEF7FF!         BL        SystemInit            ; [DPU_3_PIPE] |183|  ; [KEEP 32-BIT INS]
     269                            ; CALL OCCURS {SystemInit }      ; [] |183| 
     270                        .global _c_int00
     271 00000006 BFFEF7FF!     b.w     _c_int00 ; [KEEP 32-BIT INS]
     272                    $C$DW$6 .dwtag  DW_TAG_TI_branch
     273                            .dwattr $C$DW$6, DW_AT_low_pc(0x00)
     274                            .dwattr $C$DW$6, DW_AT_TI_return
     275                    
TI ARM Assembler Unix v16.9.0 Sat Apr 29 07:00:43 2017

Tools Copyright (c) 1996-2015 Texas Instruments Incorporated
startup_msp432p401r_ccs.asm                                          PAGE    6

     276 0000000a BD08              POP       {A4, PC}              ; [DPU_3_PIPE]  ; [ORIG 16-BIT INS]
     277                            .dwcfi  cfa_offset, 0
     278                            ; BRANCH OCCURS                  ; [] 
     279                            .dwattr $C$DW$4, DW_AT_TI_end_file("../ccs/startup_msp432p401r_ccs.c")
     280                            .dwattr $C$DW$4, DW_AT_TI_end_line(0xbc)
     281                            .dwattr $C$DW$4, DW_AT_TI_end_column(0x01)
     282                            .dwendentry
     283                            .dwendtag $C$DW$4
     284                    
     285 00000000                   .sect   ".text:Default_Handler"
     286                            .clink
     287                            .thumbfunc Default_Handler
     288 00000000                   .thumb
     289                            .weak   Default_Handler
     290                    
     291                    $C$DW$7 .dwtag  DW_TAG_subprogram
     292                            .dwattr $C$DW$7, DW_AT_name("Default_Handler")
     293                            .dwattr $C$DW$7, DW_AT_low_pc(Default_Handler)
     294                            .dwattr $C$DW$7, DW_AT_high_pc(0x00)
     295                            .dwattr $C$DW$7, DW_AT_TI_symbol_name("Default_Handler")
     296                            .dwattr $C$DW$7, DW_AT_external
     297                            .dwattr $C$DW$7, DW_AT_TI_begin_file("../ccs/startup_msp432p401r_ccs.c")
     298                            .dwattr $C$DW$7, DW_AT_TI_begin_line(0xc2)
     299                            .dwattr $C$DW$7, DW_AT_TI_begin_column(0x06)
     300                            .dwattr $C$DW$7, DW_AT_decl_file("../ccs/startup_msp432p401r_ccs.c")
     301                            .dwattr $C$DW$7, DW_AT_decl_line(0xc2)
     302                            .dwattr $C$DW$7, DW_AT_decl_column(0x06)
     303                            .dwattr $C$DW$7, DW_AT_TI_max_frame_size(0x00)
     304                            .dwpsn  file "../ccs/startup_msp432p401r_ccs.c",line 195,column 1,is_stmt,address Default_Hand
     305                    
     306                            .dwfde $C$DW$CIE, Default_Handler
     307                    ;----------------------------------------------------------------------
     308                    ; 194 | void Default_Handler(void)                                             
     309                    ; 197 | #pragma diag_push                                                      
     310                    ; 198 | #pragma CHECK_ULP("-2.1")                                              
     311                    ;----------------------------------------------------------------------
     312                    
     313                    ;*****************************************************************************
     314                    ;* FUNCTION NAME: Default_Handler                                            *
     315                    ;*                                                                           *
     316                    ;*   Regs Modified     :                                                     *
     317                    ;*   Regs Used         : LR                                                  *
     318                    ;*   Local Frame Size  : 0 Args + 0 Auto + 0 Save = 0 byte                   *
     319                    ;*****************************************************************************
     320 00000000           Default_Handler:
     321                    ;* --------------------------------------------------------------------------*
     322                            .dwcfi  cfa_offset, 0
     323                    ;* --------------------------------------------------------------------------*
     324                    ;*   BEGIN LOOP ||$C$L1||
     325                    ;*
     326                    ;*   Loop source line                : 201
     327                    ;*   Loop closing brace source line  : 203
     328                    ;*   Known Minimum Trip Count        : 1
     329                    ;*   Known Maximum Trip Count        : 4294967295
     330                    ;*   Known Max Trip Count Factor     : 1
TI ARM Assembler Unix v16.9.0 Sat Apr 29 07:00:43 2017

Tools Copyright (c) 1996-2015 Texas Instruments Incorporated
startup_msp432p401r_ccs.asm                                          PAGE    7

     331                    ;* --------------------------------------------------------------------------*
     332 00000000           ||$C$L1||:    
     333                            .dwpsn  file "../ccs/startup_msp432p401r_ccs.c",line 201,column 8,is_stmt,isa 1
     334                    ;----------------------------------------------------------------------
     335                    ; 201 | while(1)                                                               
     336                    ; 205 | #pragma diag_pop                                                       
     337                    ;----------------------------------------------------------------------
     338 00000000 E7FE              B         ||$C$L1||             ; [DPU_3_PIPE] |201|  ; [ORIG 16-BIT INS]
     339                            ; BRANCH OCCURS {||$C$L1||}      ; [] |201| 
     340                    ;* --------------------------------------------------------------------------*
     341                            .dwattr $C$DW$7, DW_AT_TI_end_file("../ccs/startup_msp432p401r_ccs.c")
     342                            .dwattr $C$DW$7, DW_AT_TI_end_line(0xce)
     343                            .dwattr $C$DW$7, DW_AT_TI_end_column(0x01)
     344                            .dwendentry
     345                            .dwendtag $C$DW$7
     346                    
     347                    ;*****************************************************************************
     348                    ;* UNDEFINED EXTERNAL REFERENCES                                             *
     349                    ;*****************************************************************************
     350                            .global SystemInit
     351                            .global __STACK_END
     352                    
     353                    ;******************************************************************************
     354                    ;* BUILD ATTRIBUTES                                                           *
     355                    ;******************************************************************************
     356                            .battr "aeabi", Tag_File, 1, Tag_ABI_PCS_wchar_t(2)
     357                            .battr "aeabi", Tag_File, 1, Tag_ABI_FP_rounding(0)
     358                            .battr "aeabi", Tag_File, 1, Tag_ABI_FP_denormal(0)
     359                            .battr "aeabi", Tag_File, 1, Tag_ABI_FP_exceptions(0)
     360                            .battr "aeabi", Tag_File, 1, Tag_ABI_FP_number_model(1)
     361                            .battr "aeabi", Tag_File, 1, Tag_ABI_enum_size(0)
     362                            .battr "aeabi", Tag_File, 1, Tag_ABI_optimization_goals(4)
     363                            .battr "aeabi", Tag_File, 1, Tag_ABI_FP_optimization_goals(0)
     364                            .battr "TI", Tag_File, 1, Tag_Bitfield_layout(2)
     365                            .battr "aeabi", Tag_File, 1, Tag_ABI_VFP_args(3)
     366                            .battr "TI", Tag_File, 1, Tag_FP_interface(1)
     367                    
     368                    ;******************************************************************************
     369                    ;* TYPE INFORMATION                                                           *
     370                    ;******************************************************************************
     371                    $C$DW$T$2       .dwtag  DW_TAG_unspecified_type
     372                            .dwattr $C$DW$T$2, DW_AT_name("void")
     373                    
     374                    
     375                    $C$DW$T$19      .dwtag  DW_TAG_subroutine_type
     376                            .dwattr $C$DW$T$19, DW_AT_language(DW_LANG_C)
     377                            .dwendtag $C$DW$T$19
     378                    
     379                    $C$DW$T$20      .dwtag  DW_TAG_pointer_type
     380                            .dwattr $C$DW$T$20, DW_AT_type(*$C$DW$T$19)
     381                            .dwattr $C$DW$T$20, DW_AT_address_class(0x20)
     382                    
     383                    $C$DW$T$21      .dwtag  DW_TAG_const_type
     384                            .dwattr $C$DW$T$21, DW_AT_type(*$C$DW$T$20)
     385                    
TI ARM Assembler Unix v16.9.0 Sat Apr 29 07:00:43 2017

Tools Copyright (c) 1996-2015 Texas Instruments Incorporated
startup_msp432p401r_ccs.asm                                          PAGE    8

     386                    
     387                    $C$DW$T$22      .dwtag  DW_TAG_array_type
     388                            .dwattr $C$DW$T$22, DW_AT_type(*$C$DW$T$21)
     389                            .dwattr $C$DW$T$22, DW_AT_language(DW_LANG_C)
     390                            .dwattr $C$DW$T$22, DW_AT_byte_size(0xe4)
     391                    $C$DW$8 .dwtag  DW_TAG_subrange_type
     392                            .dwattr $C$DW$8, DW_AT_upper_bound(0x38)
     393                    
     394                            .dwendtag $C$DW$T$22
     395                    
     396                    $C$DW$T$4       .dwtag  DW_TAG_base_type
     397                            .dwattr $C$DW$T$4, DW_AT_encoding(DW_ATE_boolean)
     398                            .dwattr $C$DW$T$4, DW_AT_name("bool")
     399                            .dwattr $C$DW$T$4, DW_AT_byte_size(0x01)
     400                    
     401                    $C$DW$T$5       .dwtag  DW_TAG_base_type
     402                            .dwattr $C$DW$T$5, DW_AT_encoding(DW_ATE_signed_char)
     403                            .dwattr $C$DW$T$5, DW_AT_name("signed char")
     404                            .dwattr $C$DW$T$5, DW_AT_byte_size(0x01)
     405                    
     406                    $C$DW$T$23      .dwtag  DW_TAG_typedef
     407                            .dwattr $C$DW$T$23, DW_AT_name("int8_t")
     408                            .dwattr $C$DW$T$23, DW_AT_type(*$C$DW$T$5)
     409                            .dwattr $C$DW$T$23, DW_AT_language(DW_LANG_C)
     410                            .dwattr $C$DW$T$23, DW_AT_decl_file("/Applications/ti/ccsv7/tools/compiler/ti-cgt-arm_16.9.0.L
     411                            .dwattr $C$DW$T$23, DW_AT_decl_line(0x2a)
     412                            .dwattr $C$DW$T$23, DW_AT_decl_column(0x1d)
     413                    
     414                    $C$DW$T$24      .dwtag  DW_TAG_typedef
     415                            .dwattr $C$DW$T$24, DW_AT_name("int_least8_t")
     416                            .dwattr $C$DW$T$24, DW_AT_type(*$C$DW$T$23)
     417                            .dwattr $C$DW$T$24, DW_AT_language(DW_LANG_C)
     418                            .dwattr $C$DW$T$24, DW_AT_decl_file("/Applications/ti/ccsv7/tools/compiler/ti-cgt-arm_16.9.0.L
     419                            .dwattr $C$DW$T$24, DW_AT_decl_line(0x37)
     420                            .dwattr $C$DW$T$24, DW_AT_decl_column(0x17)
     421                    
     422                    $C$DW$T$6       .dwtag  DW_TAG_base_type
     423                            .dwattr $C$DW$T$6, DW_AT_encoding(DW_ATE_unsigned_char)
     424                            .dwattr $C$DW$T$6, DW_AT_name("unsigned char")
     425                            .dwattr $C$DW$T$6, DW_AT_byte_size(0x01)
     426                    
     427                    $C$DW$T$25      .dwtag  DW_TAG_typedef
     428                            .dwattr $C$DW$T$25, DW_AT_name("uint8_t")
     429                            .dwattr $C$DW$T$25, DW_AT_type(*$C$DW$T$6)
     430                            .dwattr $C$DW$T$25, DW_AT_language(DW_LANG_C)
     431                            .dwattr $C$DW$T$25, DW_AT_decl_file("/Applications/ti/ccsv7/tools/compiler/ti-cgt-arm_16.9.0.L
     432                            .dwattr $C$DW$T$25, DW_AT_decl_line(0x2b)
     433                            .dwattr $C$DW$T$25, DW_AT_decl_column(0x1c)
     434                    
     435                    $C$DW$T$26      .dwtag  DW_TAG_typedef
     436                            .dwattr $C$DW$T$26, DW_AT_name("uint_least8_t")
     437                            .dwattr $C$DW$T$26, DW_AT_type(*$C$DW$T$25)
     438                            .dwattr $C$DW$T$26, DW_AT_language(DW_LANG_C)
     439                            .dwattr $C$DW$T$26, DW_AT_decl_file("/Applications/ti/ccsv7/tools/compiler/ti-cgt-arm_16.9.0.L
     440                            .dwattr $C$DW$T$26, DW_AT_decl_line(0x38)
TI ARM Assembler Unix v16.9.0 Sat Apr 29 07:00:43 2017

Tools Copyright (c) 1996-2015 Texas Instruments Incorporated
startup_msp432p401r_ccs.asm                                          PAGE    9

     441                            .dwattr $C$DW$T$26, DW_AT_decl_column(0x16)
     442                    
     443                    $C$DW$T$7       .dwtag  DW_TAG_base_type
     444                            .dwattr $C$DW$T$7, DW_AT_encoding(DW_ATE_signed_char)
     445                            .dwattr $C$DW$T$7, DW_AT_name("wchar_t")
     446                            .dwattr $C$DW$T$7, DW_AT_byte_size(0x02)
     447                    
     448                    $C$DW$T$8       .dwtag  DW_TAG_base_type
     449                            .dwattr $C$DW$T$8, DW_AT_encoding(DW_ATE_signed)
     450                            .dwattr $C$DW$T$8, DW_AT_name("short")
     451                            .dwattr $C$DW$T$8, DW_AT_byte_size(0x02)
     452                    
     453                    $C$DW$T$27      .dwtag  DW_TAG_typedef
     454                            .dwattr $C$DW$T$27, DW_AT_name("int16_t")
     455                            .dwattr $C$DW$T$27, DW_AT_type(*$C$DW$T$8)
     456                            .dwattr $C$DW$T$27, DW_AT_language(DW_LANG_C)
     457                            .dwattr $C$DW$T$27, DW_AT_decl_file("/Applications/ti/ccsv7/tools/compiler/ti-cgt-arm_16.9.0.L
     458                            .dwattr $C$DW$T$27, DW_AT_decl_line(0x2c)
     459                            .dwattr $C$DW$T$27, DW_AT_decl_column(0x1d)
     460                    
     461                    $C$DW$T$28      .dwtag  DW_TAG_typedef
     462                            .dwattr $C$DW$T$28, DW_AT_name("int_least16_t")
     463                            .dwattr $C$DW$T$28, DW_AT_type(*$C$DW$T$27)
     464                            .dwattr $C$DW$T$28, DW_AT_language(DW_LANG_C)
     465                            .dwattr $C$DW$T$28, DW_AT_decl_file("/Applications/ti/ccsv7/tools/compiler/ti-cgt-arm_16.9.0.L
     466                            .dwattr $C$DW$T$28, DW_AT_decl_line(0x3a)
     467                            .dwattr $C$DW$T$28, DW_AT_decl_column(0x17)
     468                    
     469                    $C$DW$T$9       .dwtag  DW_TAG_base_type
     470                            .dwattr $C$DW$T$9, DW_AT_encoding(DW_ATE_unsigned)
     471                            .dwattr $C$DW$T$9, DW_AT_name("unsigned short")
     472                            .dwattr $C$DW$T$9, DW_AT_byte_size(0x02)
     473                    
     474                    $C$DW$T$29      .dwtag  DW_TAG_typedef
     475                            .dwattr $C$DW$T$29, DW_AT_name("uint16_t")
     476                            .dwattr $C$DW$T$29, DW_AT_type(*$C$DW$T$9)
     477                            .dwattr $C$DW$T$29, DW_AT_language(DW_LANG_C)
     478                            .dwattr $C$DW$T$29, DW_AT_decl_file("/Applications/ti/ccsv7/tools/compiler/ti-cgt-arm_16.9.0.L
     479                            .dwattr $C$DW$T$29, DW_AT_decl_line(0x2d)
     480                            .dwattr $C$DW$T$29, DW_AT_decl_column(0x1c)
     481                    
     482                    $C$DW$T$30      .dwtag  DW_TAG_typedef
     483                            .dwattr $C$DW$T$30, DW_AT_name("uint_least16_t")
     484                            .dwattr $C$DW$T$30, DW_AT_type(*$C$DW$T$29)
     485                            .dwattr $C$DW$T$30, DW_AT_language(DW_LANG_C)
     486                            .dwattr $C$DW$T$30, DW_AT_decl_file("/Applications/ti/ccsv7/tools/compiler/ti-cgt-arm_16.9.0.L
     487                            .dwattr $C$DW$T$30, DW_AT_decl_line(0x3b)
     488                            .dwattr $C$DW$T$30, DW_AT_decl_column(0x16)
     489                    
     490                    $C$DW$T$10      .dwtag  DW_TAG_base_type
     491                            .dwattr $C$DW$T$10, DW_AT_encoding(DW_ATE_signed)
     492                            .dwattr $C$DW$T$10, DW_AT_name("int")
     493                            .dwattr $C$DW$T$10, DW_AT_byte_size(0x04)
     494                    
     495                    $C$DW$T$31      .dwtag  DW_TAG_typedef
TI ARM Assembler Unix v16.9.0 Sat Apr 29 07:00:43 2017

Tools Copyright (c) 1996-2015 Texas Instruments Incorporated
startup_msp432p401r_ccs.asm                                          PAGE   10

     496                            .dwattr $C$DW$T$31, DW_AT_name("int32_t")
     497                            .dwattr $C$DW$T$31, DW_AT_type(*$C$DW$T$10)
     498                            .dwattr $C$DW$T$31, DW_AT_language(DW_LANG_C)
     499                            .dwattr $C$DW$T$31, DW_AT_decl_file("/Applications/ti/ccsv7/tools/compiler/ti-cgt-arm_16.9.0.L
     500                            .dwattr $C$DW$T$31, DW_AT_decl_line(0x2e)
     501                            .dwattr $C$DW$T$31, DW_AT_decl_column(0x1d)
     502                    
     503                    $C$DW$T$32      .dwtag  DW_TAG_typedef
     504                            .dwattr $C$DW$T$32, DW_AT_name("int_fast16_t")
     505                            .dwattr $C$DW$T$32, DW_AT_type(*$C$DW$T$31)
     506                            .dwattr $C$DW$T$32, DW_AT_language(DW_LANG_C)
     507                            .dwattr $C$DW$T$32, DW_AT_decl_file("/Applications/ti/ccsv7/tools/compiler/ti-cgt-arm_16.9.0.L
     508                            .dwattr $C$DW$T$32, DW_AT_decl_line(0x47)
     509                            .dwattr $C$DW$T$32, DW_AT_decl_column(0x17)
     510                    
     511                    $C$DW$T$33      .dwtag  DW_TAG_typedef
     512                            .dwattr $C$DW$T$33, DW_AT_name("int_fast32_t")
     513                            .dwattr $C$DW$T$33, DW_AT_type(*$C$DW$T$31)
     514                            .dwattr $C$DW$T$33, DW_AT_language(DW_LANG_C)
     515                            .dwattr $C$DW$T$33, DW_AT_decl_file("/Applications/ti/ccsv7/tools/compiler/ti-cgt-arm_16.9.0.L
     516                            .dwattr $C$DW$T$33, DW_AT_decl_line(0x4a)
     517                            .dwattr $C$DW$T$33, DW_AT_decl_column(0x17)
     518                    
     519                    $C$DW$T$34      .dwtag  DW_TAG_typedef
     520                            .dwattr $C$DW$T$34, DW_AT_name("int_fast8_t")
     521                            .dwattr $C$DW$T$34, DW_AT_type(*$C$DW$T$31)
     522                            .dwattr $C$DW$T$34, DW_AT_language(DW_LANG_C)
     523                            .dwattr $C$DW$T$34, DW_AT_decl_file("/Applications/ti/ccsv7/tools/compiler/ti-cgt-arm_16.9.0.L
     524                            .dwattr $C$DW$T$34, DW_AT_decl_line(0x45)
     525                            .dwattr $C$DW$T$34, DW_AT_decl_column(0x17)
     526                    
     527                    $C$DW$T$35      .dwtag  DW_TAG_typedef
     528                            .dwattr $C$DW$T$35, DW_AT_name("int_least32_t")
     529                            .dwattr $C$DW$T$35, DW_AT_type(*$C$DW$T$31)
     530                            .dwattr $C$DW$T$35, DW_AT_language(DW_LANG_C)
     531                            .dwattr $C$DW$T$35, DW_AT_decl_file("/Applications/ti/ccsv7/tools/compiler/ti-cgt-arm_16.9.0.L
     532                            .dwattr $C$DW$T$35, DW_AT_decl_line(0x3c)
     533                            .dwattr $C$DW$T$35, DW_AT_decl_column(0x17)
     534                    
     535                    $C$DW$T$36      .dwtag  DW_TAG_typedef
     536                            .dwattr $C$DW$T$36, DW_AT_name("intptr_t")
     537                            .dwattr $C$DW$T$36, DW_AT_type(*$C$DW$T$10)
     538                            .dwattr $C$DW$T$36, DW_AT_language(DW_LANG_C)
     539                            .dwattr $C$DW$T$36, DW_AT_decl_file("/Applications/ti/ccsv7/tools/compiler/ti-cgt-arm_16.9.0.L
     540                            .dwattr $C$DW$T$36, DW_AT_decl_line(0x52)
     541                            .dwattr $C$DW$T$36, DW_AT_decl_column(0x1a)
     542                    
     543                    $C$DW$T$11      .dwtag  DW_TAG_base_type
     544                            .dwattr $C$DW$T$11, DW_AT_encoding(DW_ATE_unsigned)
     545                            .dwattr $C$DW$T$11, DW_AT_name("unsigned int")
     546                            .dwattr $C$DW$T$11, DW_AT_byte_size(0x04)
     547                    
     548                    $C$DW$T$37      .dwtag  DW_TAG_typedef
     549                            .dwattr $C$DW$T$37, DW_AT_name("uint32_t")
     550                            .dwattr $C$DW$T$37, DW_AT_type(*$C$DW$T$11)
TI ARM Assembler Unix v16.9.0 Sat Apr 29 07:00:43 2017

Tools Copyright (c) 1996-2015 Texas Instruments Incorporated
startup_msp432p401r_ccs.asm                                          PAGE   11

     551                            .dwattr $C$DW$T$37, DW_AT_language(DW_LANG_C)
     552                            .dwattr $C$DW$T$37, DW_AT_decl_file("/Applications/ti/ccsv7/tools/compiler/ti-cgt-arm_16.9.0.L
     553                            .dwattr $C$DW$T$37, DW_AT_decl_line(0x2f)
     554                            .dwattr $C$DW$T$37, DW_AT_decl_column(0x1c)
     555                    
     556                    $C$DW$T$38      .dwtag  DW_TAG_typedef
     557                            .dwattr $C$DW$T$38, DW_AT_name("uint_fast16_t")
     558                            .dwattr $C$DW$T$38, DW_AT_type(*$C$DW$T$37)
     559                            .dwattr $C$DW$T$38, DW_AT_language(DW_LANG_C)
     560                            .dwattr $C$DW$T$38, DW_AT_decl_file("/Applications/ti/ccsv7/tools/compiler/ti-cgt-arm_16.9.0.L
     561                            .dwattr $C$DW$T$38, DW_AT_decl_line(0x48)
     562                            .dwattr $C$DW$T$38, DW_AT_decl_column(0x16)
     563                    
     564                    $C$DW$T$39      .dwtag  DW_TAG_typedef
     565                            .dwattr $C$DW$T$39, DW_AT_name("uint_fast32_t")
     566                            .dwattr $C$DW$T$39, DW_AT_type(*$C$DW$T$37)
     567                            .dwattr $C$DW$T$39, DW_AT_language(DW_LANG_C)
     568                            .dwattr $C$DW$T$39, DW_AT_decl_file("/Applications/ti/ccsv7/tools/compiler/ti-cgt-arm_16.9.0.L
     569                            .dwattr $C$DW$T$39, DW_AT_decl_line(0x4b)
     570                            .dwattr $C$DW$T$39, DW_AT_decl_column(0x16)
     571                    
     572                    $C$DW$T$40      .dwtag  DW_TAG_typedef
     573                            .dwattr $C$DW$T$40, DW_AT_name("uint_fast8_t")
     574                            .dwattr $C$DW$T$40, DW_AT_type(*$C$DW$T$37)
     575                            .dwattr $C$DW$T$40, DW_AT_language(DW_LANG_C)
     576                            .dwattr $C$DW$T$40, DW_AT_decl_file("/Applications/ti/ccsv7/tools/compiler/ti-cgt-arm_16.9.0.L
     577                            .dwattr $C$DW$T$40, DW_AT_decl_line(0x46)
     578                            .dwattr $C$DW$T$40, DW_AT_decl_column(0x16)
     579                    
     580                    $C$DW$T$41      .dwtag  DW_TAG_typedef
     581                            .dwattr $C$DW$T$41, DW_AT_name("uint_least32_t")
     582                            .dwattr $C$DW$T$41, DW_AT_type(*$C$DW$T$37)
     583                            .dwattr $C$DW$T$41, DW_AT_language(DW_LANG_C)
     584                            .dwattr $C$DW$T$41, DW_AT_decl_file("/Applications/ti/ccsv7/tools/compiler/ti-cgt-arm_16.9.0.L
     585                            .dwattr $C$DW$T$41, DW_AT_decl_line(0x3d)
     586                            .dwattr $C$DW$T$41, DW_AT_decl_column(0x16)
     587                    
     588                    $C$DW$T$42      .dwtag  DW_TAG_typedef
     589                            .dwattr $C$DW$T$42, DW_AT_name("uintptr_t")
     590                            .dwattr $C$DW$T$42, DW_AT_type(*$C$DW$T$11)
     591                            .dwattr $C$DW$T$42, DW_AT_language(DW_LANG_C)
     592                            .dwattr $C$DW$T$42, DW_AT_decl_file("/Applications/ti/ccsv7/tools/compiler/ti-cgt-arm_16.9.0.L
     593                            .dwattr $C$DW$T$42, DW_AT_decl_line(0x53)
     594                            .dwattr $C$DW$T$42, DW_AT_decl_column(0x1a)
     595                    
     596                    $C$DW$T$12      .dwtag  DW_TAG_base_type
     597                            .dwattr $C$DW$T$12, DW_AT_encoding(DW_ATE_signed)
     598                            .dwattr $C$DW$T$12, DW_AT_name("long")
     599                            .dwattr $C$DW$T$12, DW_AT_byte_size(0x04)
     600                    
     601                    $C$DW$T$13      .dwtag  DW_TAG_base_type
     602                            .dwattr $C$DW$T$13, DW_AT_encoding(DW_ATE_unsigned)
     603                            .dwattr $C$DW$T$13, DW_AT_name("unsigned long")
     604                            .dwattr $C$DW$T$13, DW_AT_byte_size(0x04)
     605                    
TI ARM Assembler Unix v16.9.0 Sat Apr 29 07:00:43 2017

Tools Copyright (c) 1996-2015 Texas Instruments Incorporated
startup_msp432p401r_ccs.asm                                          PAGE   12

     606                    $C$DW$T$14      .dwtag  DW_TAG_base_type
     607                            .dwattr $C$DW$T$14, DW_AT_encoding(DW_ATE_signed)
     608                            .dwattr $C$DW$T$14, DW_AT_name("long long")
     609                            .dwattr $C$DW$T$14, DW_AT_byte_size(0x08)
     610                    
     611                    $C$DW$T$44      .dwtag  DW_TAG_typedef
     612                            .dwattr $C$DW$T$44, DW_AT_name("int64_t")
     613                            .dwattr $C$DW$T$44, DW_AT_type(*$C$DW$T$14)
     614                            .dwattr $C$DW$T$44, DW_AT_language(DW_LANG_C)
     615                            .dwattr $C$DW$T$44, DW_AT_decl_file("/Applications/ti/ccsv7/tools/compiler/ti-cgt-arm_16.9.0.L
     616                            .dwattr $C$DW$T$44, DW_AT_decl_line(0x32)
     617                            .dwattr $C$DW$T$44, DW_AT_decl_column(0x21)
     618                    
     619                    $C$DW$T$45      .dwtag  DW_TAG_typedef
     620                            .dwattr $C$DW$T$45, DW_AT_name("int_fast64_t")
     621                            .dwattr $C$DW$T$45, DW_AT_type(*$C$DW$T$44)
     622                            .dwattr $C$DW$T$45, DW_AT_language(DW_LANG_C)
     623                            .dwattr $C$DW$T$45, DW_AT_decl_file("/Applications/ti/ccsv7/tools/compiler/ti-cgt-arm_16.9.0.L
     624                            .dwattr $C$DW$T$45, DW_AT_decl_line(0x4e)
     625                            .dwattr $C$DW$T$45, DW_AT_decl_column(0x17)
     626                    
     627                    $C$DW$T$46      .dwtag  DW_TAG_typedef
     628                            .dwattr $C$DW$T$46, DW_AT_name("int_least64_t")
     629                            .dwattr $C$DW$T$46, DW_AT_type(*$C$DW$T$44)
     630                            .dwattr $C$DW$T$46, DW_AT_language(DW_LANG_C)
     631                            .dwattr $C$DW$T$46, DW_AT_decl_file("/Applications/ti/ccsv7/tools/compiler/ti-cgt-arm_16.9.0.L
     632                            .dwattr $C$DW$T$46, DW_AT_decl_line(0x40)
     633                            .dwattr $C$DW$T$46, DW_AT_decl_column(0x17)
     634                    
     635                    $C$DW$T$47      .dwtag  DW_TAG_typedef
     636                            .dwattr $C$DW$T$47, DW_AT_name("intmax_t")
     637                            .dwattr $C$DW$T$47, DW_AT_type(*$C$DW$T$14)
     638                            .dwattr $C$DW$T$47, DW_AT_language(DW_LANG_C)
     639                            .dwattr $C$DW$T$47, DW_AT_decl_file("/Applications/ti/ccsv7/tools/compiler/ti-cgt-arm_16.9.0.L
     640                            .dwattr $C$DW$T$47, DW_AT_decl_line(0x56)
     641                            .dwattr $C$DW$T$47, DW_AT_decl_column(0x20)
     642                    
     643                    $C$DW$T$15      .dwtag  DW_TAG_base_type
     644                            .dwattr $C$DW$T$15, DW_AT_encoding(DW_ATE_unsigned)
     645                            .dwattr $C$DW$T$15, DW_AT_name("unsigned long long")
     646                            .dwattr $C$DW$T$15, DW_AT_byte_size(0x08)
     647                    
     648                    $C$DW$T$48      .dwtag  DW_TAG_typedef
     649                            .dwattr $C$DW$T$48, DW_AT_name("uint64_t")
     650                            .dwattr $C$DW$T$48, DW_AT_type(*$C$DW$T$15)
     651                            .dwattr $C$DW$T$48, DW_AT_language(DW_LANG_C)
     652                            .dwattr $C$DW$T$48, DW_AT_decl_file("/Applications/ti/ccsv7/tools/compiler/ti-cgt-arm_16.9.0.L
     653                            .dwattr $C$DW$T$48, DW_AT_decl_line(0x33)
     654                            .dwattr $C$DW$T$48, DW_AT_decl_column(0x20)
     655                    
     656                    $C$DW$T$49      .dwtag  DW_TAG_typedef
     657                            .dwattr $C$DW$T$49, DW_AT_name("uint_fast64_t")
     658                            .dwattr $C$DW$T$49, DW_AT_type(*$C$DW$T$48)
     659                            .dwattr $C$DW$T$49, DW_AT_language(DW_LANG_C)
     660                            .dwattr $C$DW$T$49, DW_AT_decl_file("/Applications/ti/ccsv7/tools/compiler/ti-cgt-arm_16.9.0.L
TI ARM Assembler Unix v16.9.0 Sat Apr 29 07:00:43 2017

Tools Copyright (c) 1996-2015 Texas Instruments Incorporated
startup_msp432p401r_ccs.asm                                          PAGE   13

     661                            .dwattr $C$DW$T$49, DW_AT_decl_line(0x4f)
     662                            .dwattr $C$DW$T$49, DW_AT_decl_column(0x16)
     663                    
     664                    $C$DW$T$50      .dwtag  DW_TAG_typedef
     665                            .dwattr $C$DW$T$50, DW_AT_name("uint_least64_t")
     666                            .dwattr $C$DW$T$50, DW_AT_type(*$C$DW$T$48)
     667                            .dwattr $C$DW$T$50, DW_AT_language(DW_LANG_C)
     668                            .dwattr $C$DW$T$50, DW_AT_decl_file("/Applications/ti/ccsv7/tools/compiler/ti-cgt-arm_16.9.0.L
     669                            .dwattr $C$DW$T$50, DW_AT_decl_line(0x41)
     670                            .dwattr $C$DW$T$50, DW_AT_decl_column(0x16)
     671                    
     672                    $C$DW$T$51      .dwtag  DW_TAG_typedef
     673                            .dwattr $C$DW$T$51, DW_AT_name("uintmax_t")
     674                            .dwattr $C$DW$T$51, DW_AT_type(*$C$DW$T$15)
     675                            .dwattr $C$DW$T$51, DW_AT_language(DW_LANG_C)
     676                            .dwattr $C$DW$T$51, DW_AT_decl_file("/Applications/ti/ccsv7/tools/compiler/ti-cgt-arm_16.9.0.L
     677                            .dwattr $C$DW$T$51, DW_AT_decl_line(0x57)
     678                            .dwattr $C$DW$T$51, DW_AT_decl_column(0x20)
     679                    
     680                    $C$DW$T$16      .dwtag  DW_TAG_base_type
     681                            .dwattr $C$DW$T$16, DW_AT_encoding(DW_ATE_float)
     682                            .dwattr $C$DW$T$16, DW_AT_name("float")
     683                            .dwattr $C$DW$T$16, DW_AT_byte_size(0x04)
     684                    
     685                    $C$DW$T$17      .dwtag  DW_TAG_base_type
     686                            .dwattr $C$DW$T$17, DW_AT_encoding(DW_ATE_float)
     687                            .dwattr $C$DW$T$17, DW_AT_name("double")
     688                            .dwattr $C$DW$T$17, DW_AT_byte_size(0x08)
     689                    
     690                    $C$DW$T$18      .dwtag  DW_TAG_base_type
     691                            .dwattr $C$DW$T$18, DW_AT_encoding(DW_ATE_float)
     692                            .dwattr $C$DW$T$18, DW_AT_name("long double")
     693                            .dwattr $C$DW$T$18, DW_AT_byte_size(0x08)
     694                    
     695                            .dwattr $C$DW$CU, DW_AT_language(DW_LANG_C)
     696                    
     697                    ;***************************************************************
     698                    ;* DWARF CIE ENTRIES                                           *
     699                    ;***************************************************************
     700                    
     701                    $C$DW$CIE       .dwcie 14
     702                            .dwcfi  cfa_register, 13
     703                            .dwcfi  cfa_offset, 0
     704                            .dwcfi  same_value, 4
     705                            .dwcfi  same_value, 5
     706                            .dwcfi  same_value, 6
     707                            .dwcfi  same_value, 7
     708                            .dwcfi  same_value, 8
     709                            .dwcfi  same_value, 9
     710                            .dwcfi  same_value, 10
     711                            .dwcfi  same_value, 11
     712                            .dwcfi  same_value, 80
     713                            .dwcfi  same_value, 81
     714                            .dwcfi  same_value, 82
     715                            .dwcfi  same_value, 83
TI ARM Assembler Unix v16.9.0 Sat Apr 29 07:00:43 2017

Tools Copyright (c) 1996-2015 Texas Instruments Incorporated
startup_msp432p401r_ccs.asm                                          PAGE   14

     716                            .dwcfi  same_value, 84
     717                            .dwcfi  same_value, 85
     718                            .dwcfi  same_value, 86
     719                            .dwcfi  same_value, 87
     720                            .dwcfi  same_value, 88
     721                            .dwcfi  same_value, 89
     722                            .dwcfi  same_value, 90
     723                            .dwcfi  same_value, 91
     724                            .dwcfi  same_value, 92
     725                            .dwcfi  same_value, 93
     726                            .dwcfi  same_value, 94
     727                            .dwcfi  same_value, 95
     728                            .dwendentry
     729                            .dwendtag $C$DW$CU
     730                    

--------------------------
Thumb2 Statistics
--------------------------
Number of Thumb2 ins converted to Thumb = 0 (0%)
Number of Thumb ins in input = 3 (60%)
Number of Thumb2 ins encoded as Thumb2 = 2 (100%)
Number of Thumb2 ins converted to 2 OPND Thumb = 0


No Assembly Errors, No Assembly Warnings
